Using font: /nix/store/dml7jig0fh35chx530ga4icf68j4qayf-dejavu-fonts-2.37/share/fonts/truetype/DejaVuSansMono.ttf
No CJK fallback font found
Cell metrics: w=14.0 lineH=28 asc=23
Shell started, PID: 1199723
GlyphCache created, pre-loaded 719 chars
Old atlas: 512x512 glyphs=719
DEBUG: frame rows=24 cols=80 nonBlank=41
  cell[80] '[' fg=V4 0.78431374 0.90588236 0.65882355 1.0 uv=V4 0.13085938 0.1171875 0.14257813 0.15820313 pos=V4 5.0 5.0 6.0 21.0
  cell[81] 'a' fg=V4 0.78431374 0.90588236 0.65882355 1.0 uv=V4 0.26367188 0.55859375 0.28710938 0.5839844 pos=V4 1.0 10.0 12.0 13.0
  cell[82] 'k' fg=V4 0.78431374 0.90588236 0.65882355 1.0 uv=V4 0.73828125 0.29101563 0.7636719 0.32617188 pos=V4 2.0 5.0 13.0 18.0
  cell[83] 'k' fg=V4 0.78431374 0.90588236 0.65882355 1.0 uv=V4 0.73828125 0.29101563 0.7636719 0.32617188 pos=V4 2.0 5.0 13.0 18.0
  cell[84] '@' fg=V4 0.78431374 0.90588236 0.65882355 1.0 uv=V4 0.16210938 0.24804688 0.18945313 0.28710938 pos=V4 0.0 7.0 14.0 20.0
DEBUG: frame rows=39 cols=136 nonBlank=41
  cell[136] '[' fg=V4 0.78431374 0.90588236 0.65882355 1.0 uv=V4 0.13085938 0.1171875 0.14257813 0.15820313 pos=V4 5.0 5.0 6.0 21.0
  cell[137] 'a' fg=V4 0.78431374 0.90588236 0.65882355 1.0 uv=V4 0.26367188 0.55859375 0.28710938 0.5839844 pos=V4 1.0 10.0 12.0 13.0
  cell[138] 'k' fg=V4 0.78431374 0.90588236 0.65882355 1.0 uv=V4 0.73828125 0.29101563 0.7636719 0.32617188 pos=V4 2.0 5.0 13.0 18.0
  cell[139] 'k' fg=V4 0.78431374 0.90588236 0.65882355 1.0 uv=V4 0.73828125 0.29101563 0.7636719 0.32617188 pos=V4 2.0 5.0 13.0 18.0
  cell[140] '@' fg=V4 0.78431374 0.90588236 0.65882355 1.0 uv=V4 0.16210938 0.24804688 0.18945313 0.28710938 pos=V4 0.0 7.0 14.0 20.0
Using font: /nix/store/dml7jig0fh35chx530ga4icf68j4qayf-dejavu-fonts-2.37/share/fonts/truetype/DejaVuSansMono.ttf
No CJK fallback font found
Cell metrics: w=14.0 lineH=28 asc=23
Shell started, PID: 1200668
GlyphCache created, pre-loaded 719 chars
Old atlas: 512x512 glyphs=719
DEBUG: frame rows=24 cols=80 nonBlank=41
  cell[80] '[' fg=V4 0.78431374 0.90588236 0.65882355 1.0 uv=V4 0.13085938 0.1171875 0.14257813 0.15820313 pos=V4 5.0 5.0 6.0 21.0
  cell[81] 'a' fg=V4 0.78431374 0.90588236 0.65882355 1.0 uv=V4 0.26367188 0.55859375 0.28710938 0.5839844 pos=V4 1.0 10.0 12.0 13.0
  cell[82] 'k' fg=V4 0.78431374 0.90588236 0.65882355 1.0 uv=V4 0.73828125 0.29101563 0.7636719 0.32617188 pos=V4 2.0 5.0 13.0 18.0
  cell[83] 'k' fg=V4 0.78431374 0.90588236 0.65882355 1.0 uv=V4 0.73828125 0.29101563 0.7636719 0.32617188 pos=V4 2.0 5.0 13.0 18.0
  cell[84] '@' fg=V4 0.78431374 0.90588236 0.65882355 1.0 uv=V4 0.16210938 0.24804688 0.18945313 0.28710938 pos=V4 0.0 7.0 14.0 20.0
DEBUG: frame rows=39 cols=136 nonBlank=41
  cell[136] '[' fg=V4 0.78431374 0.90588236 0.65882355 1.0 uv=V4 0.13085938 0.1171875 0.14257813 0.15820313 pos=V4 5.0 5.0 6.0 21.0
  cell[137] 'a' fg=V4 0.78431374 0.90588236 0.65882355 1.0 uv=V4 0.26367188 0.55859375 0.28710938 0.5839844 pos=V4 1.0 10.0 12.0 13.0
  cell[138] 'k' fg=V4 0.78431374 0.90588236 0.65882355 1.0 uv=V4 0.73828125 0.29101563 0.7636719 0.32617188 pos=V4 2.0 5.0 13.0 18.0
  cell[139] 'k' fg=V4 0.78431374 0.90588236 0.65882355 1.0 uv=V4 0.73828125 0.29101563 0.7636719 0.32617188 pos=V4 2.0 5.0 13.0 18.0
  cell[140] '@' fg=V4 0.78431374 0.90588236 0.65882355 1.0 uv=V4 0.16210938 0.24804688 0.18945313 0.28710938 pos=V4 0.0 7.0 14.0 20.0
Using font: /nix/store/dml7jig0fh35chx530ga4icf68j4qayf-dejavu-fonts-2.37/share/fonts/truetype/DejaVuSansMono.ttf
No CJK fallback font found
Cell metrics: w=14.0 lineH=28 asc=23
Shell started, PID: 1201665
GlyphCache created, pre-loaded 719 chars
Old atlas: 512x512 glyphs=719
DEBUG: frame rows=24 cols=80 nonBlank=41
  cell[80] '[' fg=V4 0.78431374 0.90588236 0.65882355 1.0 uv=V4 0.13085938 0.1171875 0.14257813 0.15820313 pos=V4 5.0 5.0 6.0 21.0
  cell[81] 'a' fg=V4 0.78431374 0.90588236 0.65882355 1.0 uv=V4 0.26367188 0.55859375 0.28710938 0.5839844 pos=V4 1.0 10.0 12.0 13.0
  cell[82] 'k' fg=V4 0.78431374 0.90588236 0.65882355 1.0 uv=V4 0.73828125 0.29101563 0.7636719 0.32617188 pos=V4 2.0 5.0 13.0 18.0
  cell[83] 'k' fg=V4 0.78431374 0.90588236 0.65882355 1.0 uv=V4 0.73828125 0.29101563 0.7636719 0.32617188 pos=V4 2.0 5.0 13.0 18.0
  cell[84] '@' fg=V4 0.78431374 0.90588236 0.65882355 1.0 uv=V4 0.16210938 0.24804688 0.18945313 0.28710938 pos=V4 0.0 7.0 14.0 20.0
DEBUG: frame rows=39 cols=136 nonBlank=41
  cell[136] '[' fg=V4 0.78431374 0.90588236 0.65882355 1.0 uv=V4 0.13085938 0.1171875 0.14257813 0.15820313 pos=V4 5.0 5.0 6.0 21.0
  cell[137] 'a' fg=V4 0.78431374 0.90588236 0.65882355 1.0 uv=V4 0.26367188 0.55859375 0.28710938 0.5839844 pos=V4 1.0 10.0 12.0 13.0
  cell[138] 'k' fg=V4 0.78431374 0.90588236 0.65882355 1.0 uv=V4 0.73828125 0.29101563 0.7636719 0.32617188 pos=V4 2.0 5.0 13.0 18.0
  cell[139] 'k' fg=V4 0.78431374 0.90588236 0.65882355 1.0 uv=V4 0.73828125 0.29101563 0.7636719 0.32617188 pos=V4 2.0 5.0 13.0 18.0
  cell[140] '@' fg=V4 0.78431374 0.90588236 0.65882355 1.0 uv=V4 0.16210938 0.24804688 0.18945313 0.28710938 pos=V4 0.0 7.0 14.0 20.0
Using font: /nix/store/dml7jig0fh35chx530ga4icf68j4qayf-dejavu-fonts-2.37/share/fonts/truetype/DejaVuSansMono.ttf
No CJK fallback font found
Cell metrics: w=14.0 lineH=28 asc=23
Shell started, PID: 1204156
GlyphCache created, pre-loaded 719 chars
Old atlas: 512x512 glyphs=719
DEBUG: frame rows=24 cols=80 nonBlank=41
  cell[80] '[' fg=V4 0.78431374 0.90588236 0.65882355 1.0 uv=V4 0.13085938 0.1171875 0.14257813 0.15820313 pos=V4 5.0 5.0 6.0 21.0
  cell[81] 'a' fg=V4 0.78431374 0.90588236 0.65882355 1.0 uv=V4 0.26367188 0.55859375 0.28710938 0.5839844 pos=V4 1.0 10.0 12.0 13.0
  cell[82] 'k' fg=V4 0.78431374 0.90588236 0.65882355 1.0 uv=V4 0.73828125 0.29101563 0.7636719 0.32617188 pos=V4 2.0 5.0 13.0 18.0
  cell[83] 'k' fg=V4 0.78431374 0.90588236 0.65882355 1.0 uv=V4 0.73828125 0.29101563 0.7636719 0.32617188 pos=V4 2.0 5.0 13.0 18.0
  cell[84] '@' fg=V4 0.78431374 0.90588236 0.65882355 1.0 uv=V4 0.16210938 0.24804688 0.18945313 0.28710938 pos=V4 0.0 7.0 14.0 20.0
DEBUG: frame rows=39 cols=136 nonBlank=41
  cell[136] '[' fg=V4 0.78431374 0.90588236 0.65882355 1.0 uv=V4 0.13085938 0.1171875 0.14257813 0.15820313 pos=V4 5.0 5.0 6.0 21.0
  cell[137] 'a' fg=V4 0.78431374 0.90588236 0.65882355 1.0 uv=V4 0.26367188 0.55859375 0.28710938 0.5839844 pos=V4 1.0 10.0 12.0 13.0
  cell[138] 'k' fg=V4 0.78431374 0.90588236 0.65882355 1.0 uv=V4 0.73828125 0.29101563 0.7636719 0.32617188 pos=V4 2.0 5.0 13.0 18.0
  cell[139] 'k' fg=V4 0.78431374 0.90588236 0.65882355 1.0 uv=V4 0.73828125 0.29101563 0.7636719 0.32617188 pos=V4 2.0 5.0 13.0 18.0
  cell[140] '@' fg=V4 0.78431374 0.90588236 0.65882355 1.0 uv=V4 0.16210938 0.24804688 0.18945313 0.28710938 pos=V4 0.0 7.0 14.0 20.0
Using font: /nix/store/dml7jig0fh35chx530ga4icf68j4qayf-dejavu-fonts-2.37/share/fonts/truetype/DejaVuSansMono.ttf
No CJK fallback font found
Cell metrics: w=14.0 lineH=28 asc=23
Shell started, PID: 1204858
GlyphCache created, pre-loaded 719 chars
Old atlas: 512x512 glyphs=719
DEBUG: frame rows=24 cols=80 nonBlank=41
  cell[80] '[' fg=V4 0.78431374 0.90588236 0.65882355 1.0 uv=V4 0.13085938 0.1171875 0.14257813 0.15820313 pos=V4 5.0 5.0 6.0 21.0
  cell[81] 'a' fg=V4 0.78431374 0.90588236 0.65882355 1.0 uv=V4 0.26367188 0.55859375 0.28710938 0.5839844 pos=V4 1.0 10.0 12.0 13.0
  cell[82] 'k' fg=V4 0.78431374 0.90588236 0.65882355 1.0 uv=V4 0.73828125 0.29101563 0.7636719 0.32617188 pos=V4 2.0 5.0 13.0 18.0
  cell[83] 'k' fg=V4 0.78431374 0.90588236 0.65882355 1.0 uv=V4 0.73828125 0.29101563 0.7636719 0.32617188 pos=V4 2.0 5.0 13.0 18.0
  cell[84] '@' fg=V4 0.78431374 0.90588236 0.65882355 1.0 uv=V4 0.16210938 0.24804688 0.18945313 0.28710938 pos=V4 0.0 7.0 14.0 20.0
DEBUG: frame rows=39 cols=136 nonBlank=41
  cell[136] '[' fg=V4 0.78431374 0.90588236 0.65882355 1.0 uv=V4 0.13085938 0.1171875 0.14257813 0.15820313 pos=V4 5.0 5.0 6.0 21.0
  cell[137] 'a' fg=V4 0.78431374 0.90588236 0.65882355 1.0 uv=V4 0.26367188 0.55859375 0.28710938 0.5839844 pos=V4 1.0 10.0 12.0 13.0
  cell[138] 'k' fg=V4 0.78431374 0.90588236 0.65882355 1.0 uv=V4 0.73828125 0.29101563 0.7636719 0.32617188 pos=V4 2.0 5.0 13.0 18.0
  cell[139] 'k' fg=V4 0.78431374 0.90588236 0.65882355 1.0 uv=V4 0.73828125 0.29101563 0.7636719 0.32617188 pos=V4 2.0 5.0 13.0 18.0
  cell[140] '@' fg=V4 0.78431374 0.90588236 0.65882355 1.0 uv=V4 0.16210938 0.24804688 0.18945313 0.28710938 pos=V4 0.0 7.0 14.0 20.0
Using font: /nix/store/dml7jig0fh35chx530ga4icf68j4qayf-dejavu-fonts-2.37/share/fonts/truetype/DejaVuSansMono.ttf
No CJK fallback font found
Cell metrics: w=14.0 lineH=28 asc=23
Shell started, PID: 1205700
GlyphCache created, pre-loaded 719 chars
Old atlas: 512x512 glyphs=719
DEBUG: frame rows=24 cols=80 nonBlank=41
  cell[80] '[' fg=V4 0.78431374 0.90588236 0.65882355 1.0 uv=V4 0.13085938 0.1171875 0.14257813 0.15820313 pos=V4 5.0 5.0 6.0 21.0
  cell[81] 'a' fg=V4 0.78431374 0.90588236 0.65882355 1.0 uv=V4 0.26367188 0.55859375 0.28710938 0.5839844 pos=V4 1.0 10.0 12.0 13.0
  cell[82] 'k' fg=V4 0.78431374 0.90588236 0.65882355 1.0 uv=V4 0.73828125 0.29101563 0.7636719 0.32617188 pos=V4 2.0 5.0 13.0 18.0
  cell[83] 'k' fg=V4 0.78431374 0.90588236 0.65882355 1.0 uv=V4 0.73828125 0.29101563 0.7636719 0.32617188 pos=V4 2.0 5.0 13.0 18.0
  cell[84] '@' fg=V4 0.78431374 0.90588236 0.65882355 1.0 uv=V4 0.16210938 0.24804688 0.18945313 0.28710938 pos=V4 0.0 7.0 14.0 20.0
DEBUG: frame rows=39 cols=136 nonBlank=41
  cell[136] '[' fg=V4 0.78431374 0.90588236 0.65882355 1.0 uv=V4 0.13085938 0.1171875 0.14257813 0.15820313 pos=V4 5.0 5.0 6.0 21.0
  cell[137] 'a' fg=V4 0.78431374 0.90588236 0.65882355 1.0 uv=V4 0.26367188 0.55859375 0.28710938 0.5839844 pos=V4 1.0 10.0 12.0 13.0
  cell[138] 'k' fg=V4 0.78431374 0.90588236 0.65882355 1.0 uv=V4 0.73828125 0.29101563 0.7636719 0.32617188 pos=V4 2.0 5.0 13.0 18.0
  cell[139] 'k' fg=V4 0.78431374 0.90588236 0.65882355 1.0 uv=V4 0.73828125 0.29101563 0.7636719 0.32617188 pos=V4 2.0 5.0 13.0 18.0
  cell[140] '@' fg=V4 0.78431374 0.90588236 0.65882355 1.0 uv=V4 0.16210938 0.24804688 0.18945313 0.28710938 pos=V4 0.0 7.0 14.0 20.0
